Determining if the pthread_create exist failed with the following output:
Change Dir: /home/pi/raspberry-pi-resources/camera_module/mjpg-streamer/mjpg-streamer-experimental/build/CMakeFiles/CMakeTmp

Run Build Command:"/usr/bin/make" "cmTC_b368a/fast"
/usr/bin/make -f CMakeFiles/cmTC_b368a.dir/build.make CMakeFiles/cmTC_b368a.dir/build
make[1]: Entering directory '/home/pi/raspberry-pi-resources/camera_module/mjpg-streamer/mjpg-streamer-experimental/build/CMakeFiles/CMakeTmp'
Building C object CMakeFiles/cmTC_b368a.dir/CheckSymbolExists.c.o
/usr/bin/cc    -o CMakeFiles/cmTC_b368a.dir/CheckSymbolExists.c.o   -c /home/pi/raspberry-pi-resources/camera_module/mjpg-streamer/mjpg-streamer-experimental/build/CMakeFiles/CMakeTmp/CheckSymbolExists.c
Linking C executable cmTC_b368a
/usr/bin/cmake -E cmake_link_script CMakeFiles/cmTC_b368a.dir/link.txt --verbose=1
/usr/bin/cc      -rdynamic CMakeFiles/cmTC_b368a.dir/CheckSymbolExists.c.o  -o cmTC_b368a 
/usr/bin/ld: CMakeFiles/cmTC_b368a.dir/CheckSymbolExists.c.o: in function `main':
CheckSymbolExists.c:(.text+0x38): undefined reference to `pthread_create'
collect2: error: ld returned 1 exit status
make[1]: *** [CMakeFiles/cmTC_b368a.dir/build.make:87: cmTC_b368a] Error 1
make[1]: Leaving directory '/home/pi/raspberry-pi-resources/camera_module/mjpg-streamer/mjpg-streamer-experimental/build/CMakeFiles/CMakeTmp'
make: *** [Makefile:121: cmTC_b368a/fast] Error 2

File /home/pi/raspberry-pi-resources/camera_module/mjpg-streamer/mjpg-streamer-experimental/build/CMakeFiles/CMakeTmp/CheckSymbolExists.c:
/* */
#include <pthread.h>

int main(int argc, char** argv)
{
  (void)argv;
#ifndef pthread_create
  return ((int*)(&pthread_create))[argc];
#else
  (void)argc;
  return 0;
#endif
}

Determining if the function pthread_create exists in the pthreads failed with the following output:
Change Dir: /home/pi/raspberry-pi-resources/camera_module/mjpg-streamer/mjpg-streamer-experimental/build/CMakeFiles/CMakeTmp

Run Build Command:"/usr/bin/make" "cmTC_e1f9b/fast"
/usr/bin/make -f CMakeFiles/cmTC_e1f9b.dir/build.make CMakeFiles/cmTC_e1f9b.dir/build
make[1]: Entering directory '/home/pi/raspberry-pi-resources/camera_module/mjpg-streamer/mjpg-streamer-experimental/build/CMakeFiles/CMakeTmp'
Building C object CMakeFiles/cmTC_e1f9b.dir/CheckFunctionExists.c.o
/usr/bin/cc   -DCHECK_FUNCTION_EXISTS=pthread_create   -o CMakeFiles/cmTC_e1f9b.dir/CheckFunctionExists.c.o   -c /usr/share/cmake-3.13/Modules/CheckFunctionExists.c
Linking C executable cmTC_e1f9b
/usr/bin/cmake -E cmake_link_script CMakeFiles/cmTC_e1f9b.dir/link.txt --verbose=1
/usr/bin/cc  -DCHECK_FUNCTION_EXISTS=pthread_create    -rdynamic CMakeFiles/cmTC_e1f9b.dir/CheckFunctionExists.c.o  -o cmTC_e1f9b -lpthreads 
/usr/bin/ld: cannot find -lpthreads
collect2: error: ld returned 1 exit status
make[1]: *** [CMakeFiles/cmTC_e1f9b.dir/build.make:87: cmTC_e1f9b] Error 1
make[1]: Leaving directory '/home/pi/raspberry-pi-resources/camera_module/mjpg-streamer/mjpg-streamer-experimental/build/CMakeFiles/CMakeTmp'
make: *** [Makefile:121: cmTC_e1f9b/fast] Error 2


